Determining if the pthread_create exist failed with the following output:
Change Dir: /home/amax/zhzhong/video-caffe/cmake-build-debug/CMakeFiles/CMakeTmp

Run Build Command(s):/usr/bin/make cmTC_0f96f/fast 
/usr/bin/make -f CMakeFiles/cmTC_0f96f.dir/build.make CMakeFiles/cmTC_0f96f.dir/build
make[1]: Entering directory '/data/zhzhong/video-caffe/cmake-build-debug/CMakeFiles/CMakeTmp'
Building C object CMakeFiles/cmTC_0f96f.dir/CheckSymbolExists.c.o
/usr/bin/cc    -o CMakeFiles/cmTC_0f96f.dir/CheckSymbolExists.c.o   -c /home/amax/zhzhong/video-caffe/cmake-build-debug/CMakeFiles/CMakeTmp/CheckSymbolExists.c
Linking C executable cmTC_0f96f
/home/amax/clion-2019.1.4/bin/cmake/linux/bin/cmake -E cmake_link_script CMakeFiles/cmTC_0f96f.dir/link.txt --verbose=1
/usr/bin/cc      -rdynamic CMakeFiles/cmTC_0f96f.dir/CheckSymbolExists.c.o  -o cmTC_0f96f 
CMakeFiles/cmTC_0f96f.dir/CheckSymbolExists.c.o: In function `main':
CheckSymbolExists.c:(.text+0x16): undefined reference to `pthread_create'
collect2: error: ld returned 1 exit status
CMakeFiles/cmTC_0f96f.dir/build.make:86: recipe for target 'cmTC_0f96f' failed
make[1]: *** [cmTC_0f96f] Error 1
make[1]: Leaving directory '/data/zhzhong/video-caffe/cmake-build-debug/CMakeFiles/CMakeTmp'
Makefile:121: recipe for target 'cmTC_0f96f/fast' failed
make: *** [cmTC_0f96f/fast] Error 2

File /home/amax/zhzhong/video-caffe/cmake-build-debug/CMakeFiles/CMakeTmp/CheckSymbolExists.c:
/* */
#include <pthread.h>

int main(int argc, char** argv)
{
  (void)argv;
#ifndef pthread_create
  return ((int*)(&pthread_create))[argc];
#else
  (void)argc;
  return 0;
#endif
}

Determining if the function pthread_create exists in the pthreads failed with the following output:
Change Dir: /home/amax/zhzhong/video-caffe/cmake-build-debug/CMakeFiles/CMakeTmp

Run Build Command(s):/usr/bin/make cmTC_abd83/fast 
/usr/bin/make -f CMakeFiles/cmTC_abd83.dir/build.make CMakeFiles/cmTC_abd83.dir/build
make[1]: Entering directory '/data/zhzhong/video-caffe/cmake-build-debug/CMakeFiles/CMakeTmp'
Building C object CMakeFiles/cmTC_abd83.dir/CheckFunctionExists.c.o
/usr/bin/cc   -DCHECK_FUNCTION_EXISTS=pthread_create   -o CMakeFiles/cmTC_abd83.dir/CheckFunctionExists.c.o   -c /home/amax/clion-2019.1.4/bin/cmake/linux/share/cmake-3.14/Modules/CheckFunctionExists.c
Linking C executable cmTC_abd83
/home/amax/clion-2019.1.4/bin/cmake/linux/bin/cmake -E cmake_link_script CMakeFiles/cmTC_abd83.dir/link.txt --verbose=1
/usr/bin/cc  -DCHECK_FUNCTION_EXISTS=pthread_create    -rdynamic CMakeFiles/cmTC_abd83.dir/CheckFunctionExists.c.o  -o cmTC_abd83 -lpthreads 
/usr/bin/ld: cannot find -lpthreads
collect2: error: ld returned 1 exit status
CMakeFiles/cmTC_abd83.dir/build.make:86: recipe for target 'cmTC_abd83' failed
make[1]: *** [cmTC_abd83] Error 1
make[1]: Leaving directory '/data/zhzhong/video-caffe/cmake-build-debug/CMakeFiles/CMakeTmp'
Makefile:121: recipe for target 'cmTC_abd83/fast' failed
make: *** [cmTC_abd83/fast] Error 2


